<?xml version="1.0" encoding="UTF-8"?>
<testng-results ignored="0" total="1" passed="1" failed="0" skipped="0">
  <reporter-output>
  </reporter-output>
  <suite started-at="2025-11-10T01:45:20 IST" name="Surefire suite" finished-at="2025-11-10T01:45:24 IST" duration-ms="4379">
    <groups>
    </groups>
    <test started-at="2025-11-10T01:45:20 IST" name="Surefire test" finished-at="2025-11-10T01:45:24 IST" duration-ms="4379">
      <class name="com.example.tests.FlightSearchTest">
        <test-method is-config="true" signature="setup()[pri:0, instance:com.example.tests.FlightSearchTest@22a637e7]" started-at="2025-11-10T01:45:20 IST" name="setup" finished-at="2025-11-10T01:45:22 IST" duration-ms="2272" status="PASS">
          <reporter-output>
          </reporter-output>
        </test-method> <!-- setup -->
        <test-method signature="testFlightSearchFlow()[pri:0, instance:com.example.tests.FlightSearchTest@22a637e7]" started-at="2025-11-10T01:45:22 IST" name="testFlightSearchFlow" finished-at="2025-11-10T01:45:23 IST" duration-ms="1088" status="PASS">
          <reporter-output>
          </reporter-output>
        </test-method> <!-- testFlightSearchFlow -->
        <test-method is-config="true" signature="tearDown()[pri:0, instance:com.example.tests.FlightSearchTest@22a637e7]" started-at="2025-11-10T01:45:23 IST" name="tearDown" finished-at="2025-11-10T01:45:24 IST" duration-ms="931" status="PASS">
          <reporter-output>
          </reporter-output>
        </test-method> <!-- tearDown -->
      </class> <!-- com.example.tests.FlightSearchTest -->
    </test> <!-- Surefire test -->
  </suite> <!-- Surefire suite -->
</testng-results>
